2023-06-09 10:02:41,878 [1] INFO Log4Net.LogUtility.Logger.Info[25] - Starting the console application
2023-06-09 10:02:43,061 [1] DEBUG Log4Net.LogUtility.Logger.Debug[21] - Starting Program
2023-06-09 10:02:43,396 [1] ERROR Log4Net.LogUtility.Logger.Error[29] - Sample Error inside the try catch block code
2023-06-09 10:02:43,652 [1] DEBUG Log4Net.LogUtility.Logger.Debug[21] - Waiting for user input
2023-06-09 10:37:18,024 [1] INFO Log4Net.LogUtility.Logger.Info[25] - Starting the console application
2023-06-09 10:37:18,289 [1] DEBUG Log4Net.LogUtility.Logger.Debug[21] - Starting Program
2023-06-09 10:37:18,698 [1] ERROR Log4Net.LogUtility.Logger.Error[29] - Sample Error inside the try catch block code
2023-06-09 10:37:18,925 [1] DEBUG Log4Net.LogUtility.Logger.Debug[21] - Waiting for user input
2023-06-09 10:42:42,133 [1] INFO Log4Net.LogUtility.Logger.Info[27] - Starting the console application
2023-06-09 10:42:42,858 [1] DEBUG Log4Net.LogUtility.Logger.Debug[23] - Starting Program
2023-06-09 10:42:43,111 [1] ERROR Log4Net.LogUtility.Logger.Error[31] - Sample Error inside the try catch block code
2023-06-09 10:42:43,481 [1] DEBUG Log4Net.LogUtility.Logger.Debug[23] - Waiting for user input
2023-06-09 10:43:31,314 [1] INFO Log4Net.LogUtility.Logger.Info[27] - Starting the console application
2023-06-09 10:43:31,655 [1] DEBUG Log4Net.LogUtility.Logger.Debug[23] - Starting Program
2023-06-09 10:43:32,088 [1] ERROR Log4Net.LogUtility.Logger.Error[31] - Sample Error inside the try catch block code
2023-06-09 10:43:32,580 [1] DEBUG Log4Net.LogUtility.Logger.Debug[23] - Waiting for user input
2023-06-09 10:43:32,863 [1] INFO Log4Net.LogUtility.Logger.Info[27] - Ending application
2023-06-09 10:43:32,865 [1] FATAL Log4Net.LogUtility.Logger.Fatal[35] - Ending Fatal application
2023-06-09 10:43:32,866 [1] WARN Log4Net.LogUtility.Logger.Warn[39] - Ending Warn application
2023-06-09 14:24:31,863 [1] INFO Log4Net.LogUtility.Log4Logger.Info[27] - Starting the console application
2023-06-09 14:24:32,656 [1] DEBUG Log4Net.LogUtility.Log4Logger.Debug[23] - Starting Program
2023-06-09 14:24:32,677 [1] ERROR Log4Net.LogUtility.Log4Logger.Error[31] - Sample Error inside the try catch block code
2023-06-09 14:24:33,646 [1] DEBUG Log4Net.LogUtility.Log4Logger.Debug[23] - Waiting for user input
2023-06-09 14:24:33,649 [1] INFO Log4Net.LogUtility.Log4Logger.Info[27] - Ending application
2023-06-09 14:24:33,650 [1] FATAL Log4Net.LogUtility.Log4Logger.Fatal[35] - Ending Fatal application
2023-06-09 14:24:33,652 [1] WARN Log4Net.LogUtility.Log4Logger.Warn[39] - Ending Warn application
2023-06-09 14:25:50,072 [1] INFO Log4Net.LogUtility.Log4Logger.Info[27] - Starting the console application
2023-06-09 14:25:50,791 [1] DEBUG Log4Net.LogUtility.Log4Logger.Debug[23] - Starting Program
2023-06-09 14:25:50,806 [1] ERROR Log4Net.LogUtility.Log4Logger.Error[31] - Sample Error inside the try catch block code
2023-06-09 14:25:51,631 [1] DEBUG Log4Net.LogUtility.Log4Logger.Debug[23] - Waiting for user input
2023-06-09 14:25:51,634 [1] INFO Log4Net.LogUtility.Log4Logger.Info[27] - Ending application
2023-06-09 14:25:51,635 [1] FATAL Log4Net.LogUtility.Log4Logger.Fatal[35] - Ending Fatal application
2023-06-09 14:25:51,637 [1] WARN Log4Net.LogUtility.Log4Logger.Warn[39] - Ending Warn application
2023-06-09 14:41:31,106 [1] INFO Log4Net.LogUtility.Log4Logger.Info[27] - Starting the console application
2023-06-09 14:41:36,351 [1] DEBUG Log4Net.LogUtility.Log4Logger.Debug[23] - Starting Program
2023-06-09 14:41:48,111 [1] ERROR Log4Net.LogUtility.Log4Logger.Error[31] - Sample Error inside the try catch block code
2023-06-09 14:41:49,014 [1] DEBUG Log4Net.LogUtility.Log4Logger.Debug[23] - Waiting for user input
2023-06-09 14:41:49,016 [1] INFO Log4Net.LogUtility.Log4Logger.Info[27] - Ending application
2023-06-09 14:41:49,016 [1] FATAL Log4Net.LogUtility.Log4Logger.Fatal[35] - Ending Fatal application
2023-06-09 14:41:49,018 [1] WARN Log4Net.LogUtility.Log4Logger.Warn[39] - Ending Warn application
2023-06-09 14:43:42,845 [1] INFO Log4Net.LogUtility.Log4Logger.Info[27] - Starting the console application
2023-06-09 14:43:46,792 [1] DEBUG Log4Net.LogUtility.Log4Logger.Debug[23] - Starting Program
2023-06-09 14:44:03,787 [1] ERROR Log4Net.LogUtility.Log4Logger.Error[31] - Sample Error inside the try catch block code
2023-06-09 14:44:04,476 [1] DEBUG Log4Net.LogUtility.Log4Logger.Debug[23] - Waiting for user input
2023-06-09 14:44:04,478 [1] INFO Log4Net.LogUtility.Log4Logger.Info[27] - Ending application
2023-06-09 14:44:04,479 [1] FATAL Log4Net.LogUtility.Log4Logger.Fatal[35] - Ending Fatal application
2023-06-09 14:44:04,481 [1] WARN Log4Net.LogUtility.Log4Logger.Warn[39] - Ending Warn application
2023-06-09 14:45:19,255 [1] INFO Log4Net.LogUtility.Log4Logger.Info[27] - Starting the console application
2023-06-09 14:45:20,221 [1] DEBUG Log4Net.LogUtility.Log4Logger.Debug[23] - Starting Program
2023-06-09 14:45:20,241 [1] ERROR Log4Net.LogUtility.Log4Logger.Error[31] - Sample Error inside the try catch block code
2023-06-09 14:45:20,434 [1] DEBUG Log4Net.LogUtility.Log4Logger.Debug[23] - Waiting for user input
2023-06-09 14:45:20,435 [1] INFO Log4Net.LogUtility.Log4Logger.Info[27] - Ending application
2023-06-09 14:45:20,436 [1] FATAL Log4Net.LogUtility.Log4Logger.Fatal[35] - Ending Fatal application
2023-06-09 14:45:20,438 [1] WARN Log4Net.LogUtility.Log4Logger.Warn[39] - Ending Warn application
